#
# A fatal error has been detected by the Java Runtime Environment:
#
#  Internal Error (./open/src/hotspot/share/oops/generateOopMap.cpp:2164), pid=32924, tid=23340
#  fatal error: Illegal class file encountered. Try running with -Xverify:all in method testData
#
# JRE version: Java(TM) SE Runtime Environment 18.9 (11.0.17+10) (build 11.0.17+10-LTS-269)
# Java VM: Java HotSpot(TM) 64-Bit Server VM 18.9 (11.0.17+10-LTS-269, mixed mode, tiered, compressed oops, g1 gc, windows-amd64)
# No core dump will be written. Minidumps are not enabled by default on client versions of Windows
#
# If you would like to submit a bug report, please visit:
#   https://bugreport.java.com/bugreport/crash.jsp
#

---------------  S U M M A R Y ------------

Command Line: -agentlib:jdwp=transport=dt_socket,suspend=y,address=localhost:57712 -ea -javaagent:D:\eclipse\configuration\org.eclipse.osgi\226\0\.cp\lib\javaagent-shaded.jar -Dfile.encoding=UTF-8 org.eclipse.jdt.internal.junit.runner.RemoteTestRunner -version 3 -port 57711 -testLoaderClass org.eclipse.jdt.internal.junit5.runner.JUnit5TestLoader -loaderpluginname org.eclipse.jdt.junit5.runtime -classNames mandatoryHomeWork.DSA.Week8.Mismatch

Host: 12th Gen Intel(R) Core(TM) i5-1235U, 12 cores, 15G,  Windows 11 , 64 bit Build 22621 (10.0.22621.2070)
Time: Wed Aug 23 08:10:05 2023 India Standard Time elapsed time: 1598.314953 seconds (0d 0h 26m 38s)

---------------  T H R E A D  ---------------

Current thread (0x000001b7bc0f4800):  VMThread "VM Thread" [stack: 0x000000555c800000,0x000000555c900000] [id=23340]

Stack: [0x000000555c800000,0x000000555c900000]
[error occurred during error reporting (printing stack bounds), id 0xc0000005, EXCEPTION_ACCESS_VIOLATION (0xc0000005) at pc=0x000001b7a08b0f2d]

Native frames: (J=compiled Java code, j=interpreted, Vv=VM code, C=native code)
V  [jvm.dll+0x62b5da]
V  [jvm.dll+0x7653df]
V  [jvm.dll+0x766a89]
V  [jvm.dll+0x767075]
V  [jvm.dll+0x76702b]
V  [jvm.dll+0x62aac3]
V  [jvm.dll+0x62b1d8]
C  [ntdll.dll+0xa3dff]
C  [ntdll.dll+0x1e456]
C  [ntdll.dll+0xa2dee]
C  0x000001b7a08b0f2d

VM_Operation (0x000000555d4ff830): GetOrSetLocal, mode: safepoint, requested by thread 0x000001b7bce26000


---------------  P R O C E S S  ---------------

Threads class SMR info:
_java_thread_list=0x000001b7bfa36790, length=14, elements={
0x000001b7991fa000, 0x000001b7bc0f6800, 0x000001b7bc9ac000, 0x000001b7bc9f5800,
0x000001b7bc9f6000, 0x000001b7bc9f7000, 0x000001b7bc9f9000, 0x000001b7bc9fe000,
0x000001b7bca02800, 0x000001b7bcb7b800, 0x000001b7bce26000, 0x000001b7bce27000,
0x000001b7bcccb800, 0x000001b7bdf0b800
}

Java Threads: ( => current thread )
  0x000001b7991fa000 JavaThread "main" [_thread_blocked, id=14192, stack(0x000000555c200000,0x000000555c300000)]
  0x000001b7bc0f6800 JavaThread "Reference Handler" daemon [_thread_blocked, id=29340, stack(0x000000555c900000,0x000000555ca00000)]
  0x000001b7bc9ac000 JavaThread "Finalizer" daemon [_thread_blocked, id=15516, stack(0x000000555ca00000,0x000000555cb00000)]
  0x000001b7bc9f5800 JavaThread "Signal Dispatcher" daemon [_thread_blocked, id=33336, stack(0x000000555cb00000,0x000000555cc00000)]
  0x000001b7bc9f6000 JavaThread "Attach Listener" daemon [_thread_blocked, id=7000, stack(0x000000555cc00000,0x000000555cd00000)]
  0x000001b7bc9f7000 JavaThread "Service Thread" daemon [_thread_blocked, id=29288, stack(0x000000555cd00000,0x000000555ce00000)]
  0x000001b7bc9f9000 JavaThread "C2 CompilerThread0" daemon [_thread_blocked, id=2388, stack(0x000000555ce00000,0x000000555cf00000)]
  0x000001b7bc9fe000 JavaThread "C1 CompilerThread0" daemon [_thread_blocked, id=28080, stack(0x000000555cf00000,0x000000555d000000)]
  0x000001b7bca02800 JavaThread "Sweeper thread" daemon [_thread_blocked, id=19448, stack(0x000000555d000000,0x000000555d100000)]
  0x000001b7bcb7b800 JavaThread "Common-Cleaner" daemon [_thread_blocked, id=30988, stack(0x000000555d100000,0x000000555d200000)]
  0x000001b7bce26000 JavaThread "JDWP Transport Listener: dt_socket" daemon [_thread_blocked, id=11548, stack(0x000000555d400000,0x000000555d500000)] _threads_hazard_ptr=0x000001b7bfa36790
  0x000001b7bce27000 JavaThread "JDWP Event Helper Thread" daemon [_thread_blocked, id=11008, stack(0x000000555d500000,0x000000555d600000)]
  0x000001b7bcccb800 JavaThread "JDWP Command Reader" daemon [_thread_in_native, id=25284, stack(0x000000555d600000,0x000000555d700000)]
  0x000001b7bdf0b800 JavaThread "ReaderThread" [_thread_in_native, id=3588, stack(0x000000555d800000,0x000000555d900000)]

Other Threads:
=>0x000001b7bc0f4800 VMThread "VM Thread" [stack: 0x000000555c800000,0x000000555c900000] [id=23340]
  0x000001b7bcfb9800 WatcherThread [stack: 0x000000555d700000,0x000000555d800000] [id=12652]
  0x000001b79920d800 GCTaskThread "GC Thread#0" [stack: 0x000000555c300000,0x000000555c400000] [id=32628]
  0x000001b7be1a4000 GCTaskThread "GC Thread#1" [stack: 0x000000555d900000,0x000000555da00000] [id=20072]
  0x000001b7be103000 GCTaskThread "GC Thread#2" [stack: 0x000000555da00000,0x000000555db00000] [id=32452]
  0x000001b7be302000 GCTaskThread "GC Thread#3" [stack: 0x000000555db00000,0x000000555dc00000] [id=29448]
  0x000001b7bde0f000 GCTaskThread "GC Thread#4" [stack: 0x000000555dc00000,0x000000555dd00000] [id=8648]
  0x000001b7bde10000 GCTaskThread "GC Thread#5" [stack: 0x000000555dd00000,0x000000555de00000] [id=3008]
  0x000001b799269800 ConcurrentGCThread "G1 Main Marker" [stack: 0x000000555c400000,0x000000555c500000] [id=24368]
  0x000001b79926c800 ConcurrentGCThread "G1 Conc#0" [stack: 0x000000555c500000,0x000000555c600000] [id=13892]
  0x000001b7bbfd5800 ConcurrentGCThread "G1 Refine#0" [stack: 0x000000555c600000,0x000000555c700000] [id=10768]
  0x000001b7bbfda800 ConcurrentGCThread "G1 Young RemSet Sampling" [stack: 0x000000555c700000,0x000000555c800000] [id=1088]

Threads with active compile tasks:

VM state:at safepoint (normal execution)

VM Mutex/Monitor currently owned by a thread:  ([mutex/lock_event])
[0x000001b7991f3420] Threads_lock - owner thread: 0x000001b7bc0f4800

Heap address: 0x0000000704e00000, size: 4018 MB, Compressed Oops mode: Zero based, Oop shift amount: 3
Narrow klass base: 0x0000000800000000, Narrow klass shift: 0
Compressed class space size: 1073741824 Address: 0x0000000800000000

Heap:
 garbage-first heap   total 258048K, used 29587K [0x0000000704e00000, 0x0000000800000000)
  region size 1024K, 27 young (27648K), 3 survivors (3072K)
 Metaspace       used 14846K, capacity 15310K, committed 15616K, reserved 1062912K
  class space    used 1478K, capacity 1684K, committed 1792K, reserved 1048576K
Heap Regions: E=young(eden), S=young(survivor), O=old, HS=humongous(starts), HC=humongous(continues), CS=collection set, F=free, A=archive, TAMS=top-at-mark-start (previous, next)
|   0|0x0000000704e00000, 0x0000000704f00000, 0x0000000704f00000|100%| O|  |TAMS 0x0000000704e00000, 0x0000000704e00000| Untracked 
|   1|0x0000000704f00000, 0x0000000705000000, 0x0000000705000000|100%| O|  |TAMS 0x0000000704f00000, 0x0000000704f00000| Untracked 
|   2|0x0000000705000000, 0x00000007050e4c00, 0x0000000705100000| 89%| O|  |TAMS 0x0000000705000000, 0x0000000705000000| Untracked 
|   3|0x0000000705100000, 0x0000000705100000, 0x0000000705200000|  0%| F|  |TAMS 0x0000000705100000, 0x0000000705100000| Untracked 
|   4|0x0000000705200000, 0x0000000705200000, 0x0000000705300000|  0%| F|  |TAMS 0x0000000705200000, 0x0000000705200000| Untracked 
|   5|0x0000000705300000, 0x0000000705300000, 0x0000000705400000|  0%| F|  |TAMS 0x0000000705300000, 0x0000000705300000| Untracked 
|   6|0x0000000705400000, 0x0000000705400000, 0x0000000705500000|  0%| F|  |TAMS 0x0000000705400000, 0x0000000705400000| Untracked 
|   7|0x0000000705500000, 0x0000000705500000, 0x0000000705600000|  0%| F|  |TAMS 0x0000000705500000, 0x0000000705500000| Untracked 
|   8|0x0000000705600000, 0x0000000705600000, 0x0000000705700000|  0%| F|  |TAMS 0x0000000705600000, 0x0000000705600000| Untracked 
|   9|0x0000000705700000, 0x0000000705700000, 0x0000000705800000|  0%| F|  |TAMS 0x0000000705700000, 0x0000000705700000| Untracked 
|  10|0x0000000705800000, 0x0000000705800000, 0x0000000705900000|  0%| F|  |TAMS 0x0000000705800000, 0x0000000705800000| Untracked 
|  11|0x0000000705900000, 0x0000000705900000, 0x0000000705a00000|  0%| F|  |TAMS 0x0000000705900000, 0x0000000705900000| Untracked 
|  12|0x0000000705a00000, 0x0000000705a00000, 0x0000000705b00000|  0%| F|  |TAMS 0x0000000705a00000, 0x0000000705a00000| Untracked 
|  13|0x0000000705b00000, 0x0000000705b00000, 0x0000000705c00000|  0%| F|  |TAMS 0x0000000705b00000, 0x0000000705b00000| Untracked 
|  14|0x0000000705c00000, 0x0000000705c00000, 0x0000000705d00000|  0%| F|  |TAMS 0x0000000705c00000, 0x0000000705c00000| Untracked 
|  15|0x0000000705d00000, 0x0000000705d00000, 0x0000000705e00000|  0%| F|  |TAMS 0x0000000705d00000, 0x0000000705d00000| Untracked 
|  16|0x0000000705e00000, 0x0000000705e00000, 0x0000000705f00000|  0%| F|  |TAMS 0x0000000705e00000, 0x0000000705e00000| Untracked 
|  17|0x0000000705f00000, 0x0000000705f00000, 0x0000000706000000|  0%| F|  |TAMS 0x0000000705f00000, 0x0000000705f00000| Untracked 
|  18|0x0000000706000000, 0x0000000706000000, 0x0000000706100000|  0%| F|  |TAMS 0x0000000706000000, 0x0000000706000000| Untracked 
|  19|0x0000000706100000, 0x0000000706100000, 0x0000000706200000|  0%| F|  |TAMS 0x0000000706100000, 0x0000000706100000| Untracked 
|  20|0x0000000706200000, 0x0000000706200000, 0x0000000706300000|  0%| F|  |TAMS 0x0000000706200000, 0x0000000706200000| Untracked 
|  21|0x0000000706300000, 0x0000000706300000, 0x0000000706400000|  0%| F|  |TAMS 0x0000000706300000, 0x0000000706300000| Untracked 
|  22|0x0000000706400000, 0x0000000706400000, 0x0000000706500000|  0%| F|  |TAMS 0x0000000706400000, 0x0000000706400000| Untracked 
|  23|0x0000000706500000, 0x0000000706500000, 0x0000000706600000|  0%| F|  |TAMS 0x0000000706500000, 0x0000000706500000| Untracked 
|  24|0x0000000706600000, 0x0000000706600000, 0x0000000706700000|  0%| F|  |TAMS 0x0000000706600000, 0x0000000706600000| Untracked 
|  25|0x0000000706700000, 0x0000000706700000, 0x0000000706800000|  0%| F|  |TAMS 0x0000000706700000, 0x0000000706700000| Untracked 
|  26|0x0000000706800000, 0x0000000706800000, 0x0000000706900000|  0%| F|  |TAMS 0x0000000706800000, 0x0000000706800000| Untracked 
|  27|0x0000000706900000, 0x0000000706900000, 0x0000000706a00000|  0%| F|  |TAMS 0x0000000706900000, 0x0000000706900000| Untracked 
|  28|0x0000000706a00000, 0x0000000706a00000, 0x0000000706b00000|  0%| F|  |TAMS 0x0000000706a00000, 0x0000000706a00000| Untracked 
|  29|0x0000000706b00000, 0x0000000706b00000, 0x0000000706c00000|  0%| F|  |TAMS 0x0000000706b00000, 0x0000000706b00000| Untracked 
|  30|0x0000000706c00000, 0x0000000706c00000, 0x0000000706d00000|  0%| F|  |TAMS 0x0000000706c00000, 0x0000000706c00000| Untracked 
|  31|0x0000000706d00000, 0x0000000706d00000, 0x0000000706e00000|  0%| F|  |TAMS 0x0000000706d00000, 0x0000000706d00000| Untracked 
|  32|0x0000000706e00000, 0x0000000706e00000, 0x0000000706f00000|  0%| F|  |TAMS 0x0000000706e00000, 0x0000000706e00000| Untracked 
|  33|0x0000000706f00000, 0x0000000706f00000, 0x0000000707000000|  0%| F|  |TAMS 0x0000000706f00000, 0x0000000706f00000| Untracked 
|  34|0x0000000707000000, 0x0000000707000000, 0x0000000707100000|  0%| F|  |TAMS 0x0000000707000000, 0x0000000707000000| Untracked 
|  35|0x0000000707100000, 0x0000000707100000, 0x0000000707200000|  0%| F|  |TAMS 0x0000000707100000, 0x0000000707100000| Untracked 
|  36|0x0000000707200000, 0x0000000707200000, 0x0000000707300000|  0%| F|  |TAMS 0x0000000707200000, 0x0000000707200000| Untracked 
|  37|0x0000000707300000, 0x0000000707300000, 0x0000000707400000|  0%| F|  |TAMS 0x0000000707300000, 0x0000000707300000| Untracked 
|  38|0x0000000707400000, 0x0000000707400000, 0x0000000707500000|  0%| F|  |TAMS 0x0000000707400000, 0x0000000707400000| Untracked 
|  39|0x0000000707500000, 0x0000000707500000, 0x0000000707600000|  0%| F|  |TAMS 0x0000000707500000, 0x0000000707500000| Untracked 
|  40|0x0000000707600000, 0x0000000707600000, 0x0000000707700000|  0%| F|  |TAMS 0x0000000707600000, 0x0000000707600000| Untracked 
|  41|0x0000000707700000, 0x0000000707700000, 0x0000000707800000|  0%| F|  |TAMS 0x0000000707700000, 0x0000000707700000| Untracked 
|  42|0x0000000707800000, 0x0000000707800000, 0x0000000707900000|  0%| F|  |TAMS 0x0000000707800000, 0x0000000707800000| Untracked 
|  43|0x0000000707900000, 0x0000000707900000, 0x0000000707a00000|  0%| F|  |TAMS 0x0000000707900000, 0x0000000707900000| Untracked 
|  44|0x0000000707a00000, 0x0000000707a00000, 0x0000000707b00000|  0%| F|  |TAMS 0x0000000707a00000, 0x0000000707a00000| Untracked 
|  45|0x0000000707b00000, 0x0000000707b00000, 0x0000000707c00000|  0%| F|  |TAMS 0x0000000707b00000, 0x0000000707b00000| Untracked 
|  46|0x0000000707c00000, 0x0000000707c00000, 0x0000000707d00000|  0%| F|  |TAMS 0x0000000707c00000, 0x0000000707c00000| Untracked 
|  47|0x0000000707d00000, 0x0000000707d00000, 0x0000000707e00000|  0%| F|  |TAMS 0x0000000707d00000, 0x0000000707d00000| Untracked 
|  48|0x0000000707e00000, 0x0000000707e00000, 0x0000000707f00000|  0%| F|  |TAMS 0x0000000707e00000, 0x0000000707e00000| Untracked 
|  49|0x0000000707f00000, 0x0000000707f00000, 0x0000000708000000|  0%| F|  |TAMS 0x0000000707f00000, 0x0000000707f00000| Untracked 
|  50|0x0000000708000000, 0x0000000708000000, 0x0000000708100000|  0%| F|  |TAMS 0x0000000708000000, 0x0000000708000000| Untracked 
|  51|0x0000000708100000, 0x0000000708100000, 0x0000000708200000|  0%| F|  |TAMS 0x0000000708100000, 0x0000000708100000| Untracked 
|  52|0x0000000708200000, 0x0000000708200000, 0x0000000708300000|  0%| F|  |TAMS 0x0000000708200000, 0x0000000708200000| Untracked 
|  53|0x0000000708300000, 0x0000000708300000, 0x0000000708400000|  0%| F|  |TAMS 0x0000000708300000, 0x0000000708300000| Untracked 
|  54|0x0000000708400000, 0x0000000708400000, 0x0000000708500000|  0%| F|  |TAMS 0x0000000708400000, 0x0000000708400000| Untracked 
|  55|0x0000000708500000, 0x0000000708500000, 0x0000000708600000|  0%| F|  |TAMS 0x0000000708500000, 0x0000000708500000| Untracked 
|  56|0x0000000708600000, 0x0000000708600000, 0x0000000708700000|  0%| F|  |TAMS 0x0000000708600000, 0x0000000708600000| Untracked 
|  57|0x0000000708700000, 0x0000000708700000, 0x0000000708800000|  0%| F|  |TAMS 0x0000000708700000, 0x0000000708700000| Untracked 
|  58|0x0000000708800000, 0x0000000708800000, 0x0000000708900000|  0%| F|  |TAMS 0x0000000708800000, 0x0000000708800000| Untracked 
|  59|0x0000000708900000, 0x0000000708900000, 0x0000000708a00000|  0%| F|  |TAMS 0x0000000708900000, 0x0000000708900000| Untracked 
|  60|0x0000000708a00000, 0x0000000708a00000, 0x0000000708b00000|  0%| F|  |TAMS 0x0000000708a00000, 0x0000000708a00000| Untracked 
|  61|0x0000000708b00000, 0x0000000708b00000, 0x0000000708c00000|  0%| F|  |TAMS 0x0000000708b00000, 0x0000000708b00000| Untracked 
|  62|0x0000000708c00000, 0x0000000708c00000, 0x0000000708d00000|  0%| F|  |TAMS 0x0000000708c00000, 0x0000000708c00000| Untracked 
|  63|0x0000000708d00000, 0x0000000708d00000, 0x0000000708e00000|  0%| F|  |TAMS 0x0000000708d00000, 0x0000000708d00000| Untracked 
|  64|0x0000000708e00000, 0x0000000708e00000, 0x0000000708f00000|  0%| F|  |TAMS 0x0000000708e00000, 0x0000000708e00000| Untracked 
|  65|0x0000000708f00000, 0x0000000708f00000, 0x0000000709000000|  0%| F|  |TAMS 0x0000000708f00000, 0x0000000708f00000| Untracked 
|  66|0x0000000709000000, 0x0000000709000000, 0x0000000709100000|  0%| F|  |TAMS 0x0000000709000000, 0x0000000709000000| Untracked 
|  67|0x0000000709100000, 0x0000000709100000, 0x0000000709200000|  0%| F|  |TAMS 0x0000000709100000, 0x0000000709100000| Untracked 
|  68|0x0000000709200000, 0x0000000709200000, 0x0000000709300000|  0%| F|  |TAMS 0x0000000709200000, 0x0000000709200000| Untracked 
|  69|0x0000000709300000, 0x0000000709300000, 0x0000000709400000|  0%| F|  |TAMS 0x0000000709300000, 0x0000000709300000| Untracked 
|  70|0x0000000709400000, 0x0000000709400000, 0x0000000709500000|  0%| F|  |TAMS 0x0000000709400000, 0x0000000709400000| Untracked 
|  71|0x0000000709500000, 0x0000000709500000, 0x0000000709600000|  0%| F|  |TAMS 0x0000000709500000, 0x0000000709500000| Untracked 
|  72|0x0000000709600000, 0x0000000709600000, 0x0000000709700000|  0%| F|  |TAMS 0x0000000709600000, 0x0000000709600000| Untracked 
|  73|0x0000000709700000, 0x0000000709700000, 0x0000000709800000|  0%| F|  |TAMS 0x0000000709700000, 0x0000000709700000| Untracked 
|  74|0x0000000709800000, 0x0000000709800000, 0x0000000709900000|  0%| F|  |TAMS 0x0000000709800000, 0x0000000709800000| Untracked 
|  75|0x0000000709900000, 0x0000000709900000, 0x0000000709a00000|  0%| F|  |TAMS 0x0000000709900000, 0x0000000709900000| Untracked 
|  76|0x0000000709a00000, 0x0000000709a00000, 0x0000000709b00000|  0%| F|  |TAMS 0x0000000709a00000, 0x0000000709a00000| Untracked 
|  77|0x0000000709b00000, 0x0000000709b00000, 0x0000000709c00000|  0%| F|  |TAMS 0x0000000709b00000, 0x0000000709b00000| Untracked 
|  78|0x0000000709c00000, 0x0000000709c00000, 0x0000000709d00000|  0%| F|  |TAMS 0x0000000709c00000, 0x0000000709c00000| Untracked 
|  79|0x0000000709d00000, 0x0000000709d00000, 0x0000000709e00000|  0%| F|  |TAMS 0x0000000709d00000, 0x0000000709d00000| Untracked 
|  80|0x0000000709e00000, 0x0000000709e00000, 0x0000000709f00000|  0%| F|  |TAMS 0x0000000709e00000, 0x0000000709e00000| Untracked 
|  81|0x0000000709f00000, 0x0000000709f00000, 0x000000070a000000|  0%| F|  |TAMS 0x0000000709f00000, 0x0000000709f00000| Untracked 
|  82|0x000000070a000000, 0x000000070a000000, 0x000000070a100000|  0%| F|  |TAMS 0x000000070a000000, 0x000000070a000000| Untracked 
|  83|0x000000070a100000, 0x000000070a100000, 0x000000070a200000|  0%| F|  |TAMS 0x000000070a100000, 0x000000070a100000| Untracked 
|  84|0x000000070a200000, 0x000000070a200000, 0x000000070a300000|  0%| F|  |TAMS 0x000000070a200000, 0x000000070a200000| Untracked 
|  85|0x000000070a300000, 0x000000070a300000, 0x000000070a400000|  0%| F|  |TAMS 0x000000070a300000, 0x000000070a300000| Untracked 
|  86|0x000000070a400000, 0x000000070a400000, 0x000000070a500000|  0%| F|  |TAMS 0x000000070a400000, 0x000000070a400000| Untracked 
|  87|0x000000070a500000, 0x000000070a500000, 0x000000070a600000|  0%| F|  |TAMS 0x000000070a500000, 0x000000070a500000| Untracked 
|  88|0x000000070a600000, 0x000000070a600000, 0x000000070a700000|  0%| F|  |TAMS 0x000000070a600000, 0x000000070a600000| Untracked 
|  89|0x000000070a700000, 0x000000070a700000, 0x000000070a800000|  0%| F|  |TAMS 0x000000070a700000, 0x000000070a700000| Untracked 
|  90|0x000000070a800000, 0x000000070a800000, 0x000000070a900000|  0%| F|  |TAMS 0x000000070a800000, 0x000000070a800000| Untracked 
|  91|0x000000070a900000, 0x000000070a900000, 0x000000070aa00000|  0%| F|  |TAMS 0x000000070a900000, 0x000000070a900000| Untracked 
|  92|0x000000070aa00000, 0x000000070aa00000, 0x000000070ab00000|  0%| F|  |TAMS 0x000000070aa00000, 0x000000070aa00000| Untracked 
|  93|0x000000070ab00000, 0x000000070ab00000, 0x000000070ac00000|  0%| F|  |TAMS 0x000000070ab00000, 0x000000070ab00000| Untracked 
|  94|0x000000070ac00000, 0x000000070ac00000, 0x000000070ad00000|  0%| F|  |TAMS 0x000000070ac00000, 0x000000070ac00000| Untracked 
|  95|0x000000070ad00000, 0x000000070ad00000, 0x000000070ae00000|  0%| F|  |TAMS 0x000000070ad00000, 0x000000070ad00000| Untracked 
|  96|0x000000070ae00000, 0x000000070ae00000, 0x000000070af00000|  0%| F|  |TAMS 0x000000070ae00000, 0x000000070ae00000| Untracked 
|  97|0x000000070af00000, 0x000000070af00000, 0x000000070b000000|  0%| F|  |TAMS 0x000000070af00000, 0x000000070af00000| Untracked 
|  98|0x000000070b000000, 0x000000070b000000, 0x000000070b100000|  0%| F|  |TAMS 0x000000070b000000, 0x000000070b000000| Untracked 
|  99|0x000000070b100000, 0x000000070b100000, 0x000000070b200000|  0%| F|  |TAMS 0x000000070b100000, 0x000000070b100000| Untracked 
| 100|0x000000070b200000, 0x000000070b200000, 0x000000070b300000|  0%| F|  |TAMS 0x000000070b200000, 0x000000070b200000| Untracked 
| 101|0x000000070b300000, 0x000000070b300000, 0x000000070b400000|  0%| F|  |TAMS 0x000000070b300000, 0x000000070b300000| Untracked 
| 102|0x000000070b400000, 0x000000070b400000, 0x000000070b500000|  0%| F|  |TAMS 0x000000070b400000, 0x000000070b400000| Untracked 
| 103|0x000000070b500000, 0x000000070b500000, 0x000000070b600000|  0%| F|  |TAMS 0x000000070b500000, 0x000000070b500000| Untracked 
| 104|0x000000070b600000, 0x000000070b600000, 0x000000070b700000|  0%| F|  |TAMS 0x000000070b600000, 0x000000070b600000| Untracked 
| 105|0x000000070b700000, 0x000000070b700000, 0x000000070b800000|  0%| F|  |TAMS 0x000000070b700000, 0x000000070b700000| Untracked 
| 106|0x000000070b800000, 0x000000070b800000, 0x000000070b900000|  0%| F|  |TAMS 0x000000070b800000, 0x000000070b800000| Untracked 
| 107|0x000000070b900000, 0x000000070b900000, 0x000000070ba00000|  0%| F|  |TAMS 0x000000070b900000, 0x000000070b900000| Untracked 
| 108|0x000000070ba00000, 0x000000070ba00000, 0x000000070bb00000|  0%| F|  |TAMS 0x000000070ba00000, 0x000000070ba00000| Untracked 
| 109|0x000000070bb00000, 0x000000070bb00000, 0x000000070bc00000|  0%| F|  |TAMS 0x000000070bb00000, 0x000000070bb00000| Untracked 
| 110|0x000000070bc00000, 0x000000070bc00000, 0x000000070bd00000|  0%| F|  |TAMS 0x000000070bc00000, 0x000000070bc00000| Untracked 
| 111|0x000000070bd00000, 0x000000070bd00000, 0x000000070be00000|  0%| F|  |TAMS 0x000000070bd00000, 0x000000070bd00000| Untracked 
| 112|0x000000070be00000, 0x000000070be00000, 0x000000070bf00000|  0%| F|  |TAMS 0x000000070be00000, 0x000000070be00000| Untracked 
| 113|0x000000070bf00000, 0x000000070bf00000, 0x000000070c000000|  0%| F|  |TAMS 0x000000070bf00000, 0x000000070bf00000| Untracked 
| 114|0x000000070c000000, 0x000000070c000000, 0x000000070c100000|  0%| F|  |TAMS 0x000000070c000000, 0x000000070c000000| Untracked 
| 115|0x000000070c100000, 0x000000070c100000, 0x000000070c200000|  0%| F|  |TAMS 0x000000070c100000, 0x000000070c100000| Untracked 
| 116|0x000000070c200000, 0x000000070c200000, 0x000000070c300000|  0%| F|  |TAMS 0x000000070c200000, 0x000000070c200000| Untracked 
| 117|0x000000070c300000, 0x000000070c300000, 0x000000070c400000|  0%| F|  |TAMS 0x000000070c300000, 0x000000070c300000| Untracked 
| 118|0x000000070c400000, 0x000000070c400000, 0x000000070c500000|  0%| F|  |TAMS 0x000000070c400000, 0x000000070c400000| Untracked 
| 119|0x000000070c500000, 0x000000070c500000, 0x000000070c600000|  0%| F|  |TAMS 0x000000070c500000, 0x000000070c500000| Untracked 
| 120|0x000000070c600000, 0x000000070c600000, 0x000000070c700000|  0%| F|  |TAMS 0x000000070c600000, 0x000000070c600000| Untracked 
| 121|0x000000070c700000, 0x000000070c700000, 0x000000070c800000|  0%| F|  |TAMS 0x000000070c700000, 0x000000070c700000| Untracked 
| 122|0x000000070c800000, 0x000000070c800000, 0x000000070c900000|  0%| F|  |TAMS 0x000000070c800000, 0x000000070c800000| Untracked 
| 123|0x000000070c900000, 0x000000070c900000, 0x000000070ca00000|  0%| F|  |TAMS 0x000000070c900000, 0x000000070c900000| Untracked 
| 124|0x000000070ca00000, 0x000000070ca00000, 0x000000070cb00000|  0%| F|  |TAMS 0x000000070ca00000, 0x000000070ca00000| Untracked 
| 125|0x000000070cb00000, 0x000000070cb00000, 0x000000070cc00000|  0%| F|  |TAMS 0x000000070cb00000, 0x000000070cb00000| Untracked 
| 126|0x000000070cc00000, 0x000000070cc00000, 0x000000070cd00000|  0%| F|  |TAMS 0x000000070cc00000, 0x000000070cc00000| Untracked 
| 127|0x000000070cd00000, 0x000000070cd00000, 0x000000070ce00000|  0%| F|  |TAMS 0x000000070cd00000, 0x000000070cd00000| Untracked 
| 128|0x000000070ce00000, 0x000000070ce00000, 0x000000070cf00000|  0%| F|  |TAMS 0x000000070ce00000, 0x000000070ce00000| Untracked 
| 129|0x000000070cf00000, 0x000000070cf00000, 0x000000070d000000|  0%| F|  |TAMS 0x000000070cf00000, 0x000000070cf00000| Untracked 
| 130|0x000000070d000000, 0x000000070d000000, 0x000000070d100000|  0%| F|  |TAMS 0x000000070d000000, 0x000000070d000000| Untracked 
| 131|0x000000070d100000, 0x000000070d100000, 0x000000070d200000|  0%| F|  |TAMS 0x000000070d100000, 0x000000070d100000| Untracked 
| 132|0x000000070d200000, 0x000000070d200000, 0x000000070d300000|  0%| F|  |TAMS 0x000000070d200000, 0x000000070d200000| Untracked 
| 133|0x000000070d300000, 0x000000070d300000, 0x000000070d400000|  0%| F|  |TAMS 0x000000070d300000, 0x000000070d300000| Untracked 
| 134|0x000000070d400000, 0x000000070d400000, 0x000000070d500000|  0%| F|  |TAMS 0x000000070d400000, 0x000000070d400000| Untracked 
| 135|0x000000070d500000, 0x000000070d500000, 0x000000070d600000|  0%| F|  |TAMS 0x000000070d500000, 0x000000070d500000| Untracked 
| 136|0x000000070d600000, 0x000000070d600000, 0x000000070d700000|  0%| F|  |TAMS 0x000000070d600000, 0x000000070d600000| Untracked 
| 137|0x000000070d700000, 0x000000070d700000, 0x000000070d800000|  0%| F|  |TAMS 0x000000070d700000, 0x000000070d700000| Untracked 
| 138|0x000000070d800000, 0x000000070d800000, 0x000000070d900000|  0%| F|  |TAMS 0x000000070d800000, 0x000000070d800000| Untracked 
| 139|0x000000070d900000, 0x000000070d900000, 0x000000070da00000|  0%| F|  |TAMS 0x000000070d900000, 0x000000070d900000| Untracked 
| 140|0x000000070da00000, 0x000000070da00000, 0x000000070db00000|  0%| F|  |TAMS 0x000000070da00000, 0x000000070da00000| Untracked 
| 141|0x000000070db00000, 0x000000070db00000, 0x000000070dc00000|  0%| F|  |TAMS 0x000000070db00000, 0x000000070db00000| Untracked 
| 142|0x000000070dc00000, 0x000000070dc00000, 0x000000070dd00000|  0%| F|  |TAMS 0x000000070dc00000, 0x000000070dc00000| Untracked 
| 143|0x000000070dd00000, 0x000000070dd00000, 0x000000070de00000|  0%| F|  |TAMS 0x000000070dd00000, 0x000000070dd00000| Untracked 
| 144|0x000000070de00000, 0x000000070de00000, 0x000000070df00000|  0%| F|  |TAMS 0x000000070de00000, 0x000000070de00000| Untracked 
| 145|0x000000070df00000, 0x000000070df00000, 0x000000070e000000|  0%| F|  |TAMS 0x000000070df00000, 0x000000070df00000| Untracked 
| 146|0x000000070e000000, 0x000000070e000000, 0x000000070e100000|  0%| F|  |TAMS 0x000000070e000000, 0x000000070e000000| Untracked 
| 147|0x000000070e100000, 0x000000070e100000, 0x000000070e200000|  0%| F|  |TAMS 0x000000070e100000, 0x000000070e100000| Untracked 
| 148|0x000000070e200000, 0x000000070e200000, 0x000000070e300000|  0%| F|  |TAMS 0x000000070e200000, 0x000000070e200000| Untracked 
| 149|0x000000070e300000, 0x000000070e300000, 0x000000070e400000|  0%| F|  |TAMS 0x000000070e300000, 0x000000070e300000| Untracked 
| 150|0x000000070e400000, 0x000000070e400000, 0x000000070e500000|  0%| F|  |TAMS 0x000000070e400000, 0x000000070e400000| Untracked 
| 151|0x000000070e500000, 0x000000070e500000, 0x000000070e600000|  0%| F|  |TAMS 0x000000070e500000, 0x000000070e500000| Untracked 
| 152|0x000000070e600000, 0x000000070e600000, 0x000000070e700000|  0%| F|  |TAMS 0x000000070e600000, 0x000000070e600000| Untracked 
| 153|0x000000070e700000, 0x000000070e700000, 0x000000070e800000|  0%| F|  |TAMS 0x000000070e700000, 0x000000070e700000| Untracked 
| 154|0x000000070e800000, 0x000000070e800000, 0x000000070e900000|  0%| F|  |TAMS 0x000000070e800000, 0x000000070e800000| Untracked 
| 155|0x000000070e900000, 0x000000070e900000, 0x000000070ea00000|  0%| F|  |TAMS 0x000000070e900000, 0x000000070e900000| Untracked 
| 156|0x000000070ea00000, 0x000000070ea00000, 0x000000070eb00000|  0%| F|  |TAMS 0x000000070ea00000, 0x000000070ea00000| Untracked 
| 157|0x000000070eb00000, 0x000000070eb00000, 0x000000070ec00000|  0%| F|  |TAMS 0x000000070eb00000, 0x000000070eb00000| Untracked 
| 158|0x000000070ec00000, 0x000000070ec00000, 0x000000070ed00000|  0%| F|  |TAMS 0x000000070ec00000, 0x000000070ec00000| Untracked 
| 159|0x000000070ed00000, 0x000000070ed00000, 0x000000070ee00000|  0%| F|  |TAMS 0x000000070ed00000, 0x000000070ed00000| Untracked 
| 160|0x000000070ee00000, 0x000000070ee00000, 0x000000070ef00000|  0%| F|  |TAMS 0x000000070ee00000, 0x000000070ee00000| Untracked 
| 161|0x000000070ef00000, 0x000000070ef00000, 0x000000070f000000|  0%| F|  |TAMS 0x000000070ef00000, 0x000000070ef00000| Untracked 
| 162|0x000000070f000000, 0x000000070f000000, 0x000000070f100000|  0%| F|  |TAMS 0x000000070f000000, 0x000000070f000000| Untracked 
| 163|0x000000070f100000, 0x000000070f100000, 0x000000070f200000|  0%| F|  |TAMS 0x000000070f100000, 0x000000070f100000| Untracked 
| 164|0x000000070f200000, 0x000000070f200000, 0x000000070f300000|  0%| F|  |TAMS 0x000000070f200000, 0x000000070f200000| Untracked 
| 165|0x000000070f300000, 0x000000070f300000, 0x000000070f400000|  0%| F|  |TAMS 0x000000070f300000, 0x000000070f300000| Untracked 
| 166|0x000000070f400000, 0x000000070f400000, 0x000000070f500000|  0%| F|  |TAMS 0x000000070f400000, 0x000000070f400000| Untracked 
| 167|0x000000070f500000, 0x000000070f500000, 0x000000070f600000|  0%| F|  |TAMS 0x000000070f500000, 0x000000070f500000| Untracked 
| 168|0x000000070f600000, 0x000000070f600000, 0x000000070f700000|  0%| F|  |TAMS 0x000000070f600000, 0x000000070f600000| Untracked 
| 169|0x000000070f700000, 0x000000070f700000, 0x000000070f800000|  0%| F|  |TAMS 0x000000070f700000, 0x000000070f700000| Untracked 
| 170|0x000000070f800000, 0x000000070f800000, 0x000000070f900000|  0%| F|  |TAMS 0x000000070f800000, 0x000000070f800000| Untracked 
| 171|0x000000070f900000, 0x000000070f900000, 0x000000070fa00000|  0%| F|  |TAMS 0x000000070f900000, 0x000000070f900000| Untracked 
| 172|0x000000070fa00000, 0x000000070fa00000, 0x000000070fb00000|  0%| F|  |TAMS 0x000000070fa00000, 0x000000070fa00000| Untracked 
| 173|0x000000070fb00000, 0x000000070fb00000, 0x000000070fc00000|  0%| F|  |TAMS 0x000000070fb00000, 0x000000070fb00000| Untracked 
| 174|0x000000070fc00000, 0x000000070fc00000, 0x000000070fd00000|  0%| F|  |TAMS 0x000000070fc00000, 0x000000070fc00000| Untracked 
| 175|0x000000070fd00000, 0x000000070fd00000, 0x000000070fe00000|  0%| F|  |TAMS 0x000000070fd00000, 0x000000070fd00000| Untracked 
| 176|0x000000070fe00000, 0x000000070fe00000, 0x000000070ff00000|  0%| F|  |TAMS 0x000000070fe00000, 0x000000070fe00000| Untracked 
| 177|0x000000070ff00000, 0x000000070ff00000, 0x0000000710000000|  0%| F|  |TAMS 0x000000070ff00000, 0x000000070ff00000| Untracked 
| 178|0x0000000710000000, 0x0000000710000000, 0x0000000710100000|  0%| F|  |TAMS 0x0000000710000000, 0x0000000710000000| Untracked 
| 179|0x0000000710100000, 0x0000000710100000, 0x0000000710200000|  0%| F|  |TAMS 0x0000000710100000, 0x0000000710100000| Untracked 
| 180|0x0000000710200000, 0x0000000710200000, 0x0000000710300000|  0%| F|  |TAMS 0x0000000710200000, 0x0000000710200000| Untracked 
| 181|0x0000000710300000, 0x0000000710300000, 0x0000000710400000|  0%| F|  |TAMS 0x0000000710300000, 0x0000000710300000| Untracked 
| 182|0x0000000710400000, 0x0000000710400000, 0x0000000710500000|  0%| F|  |TAMS 0x0000000710400000, 0x0000000710400000| Untracked 
| 183|0x0000000710500000, 0x0000000710500000, 0x0000000710600000|  0%| F|  |TAMS 0x0000000710500000, 0x0000000710500000| Untracked 
| 184|0x0000000710600000, 0x0000000710600000, 0x0000000710700000|  0%| F|  |TAMS 0x0000000710600000, 0x0000000710600000| Untracked 
| 185|0x0000000710700000, 0x0000000710700000, 0x0000000710800000|  0%| F|  |TAMS 0x0000000710700000, 0x0000000710700000| Untracked 
| 186|0x0000000710800000, 0x0000000710800000, 0x0000000710900000|  0%| F|  |TAMS 0x0000000710800000, 0x0000000710800000| Untracked 
| 187|0x0000000710900000, 0x0000000710900000, 0x0000000710a00000|  0%| F|  |TAMS 0x0000000710900000, 0x0000000710900000| Untracked 
| 188|0x0000000710a00000, 0x0000000710a00000, 0x0000000710b00000|  0%| F|  |TAMS 0x0000000710a00000, 0x0000000710a00000| Untracked 
| 189|0x0000000710b00000, 0x0000000710b00000, 0x0000000710c00000|  0%| F|  |TAMS 0x0000000710b00000, 0x0000000710b00000| Untracked 
| 190|0x0000000710c00000, 0x0000000710c00000, 0x0000000710d00000|  0%| F|  |TAMS 0x0000000710c00000, 0x0000000710c00000| Untracked 
| 191|0x0000000710d00000, 0x0000000710d00000, 0x0000000710e00000|  0%| F|  |TAMS 0x0000000710d00000, 0x0000000710d00000| Untracked 
| 192|0x0000000710e00000, 0x0000000710e00000, 0x0000000710f00000|  0%| F|  |TAMS 0x0000000710e00000, 0x0000000710e00000| Untracked 
| 193|0x0000000710f00000, 0x0000000710f00000, 0x0000000711000000|  0%| F|  |TAMS 0x0000000710f00000, 0x0000000710f00000| Untracked 
| 194|0x0000000711000000, 0x0000000711000000, 0x0000000711100000|  0%| F|  |TAMS 0x0000000711000000, 0x0000000711000000| Untracked 
| 195|0x0000000711100000, 0x0000000711100000, 0x0000000711200000|  0%| F|  |TAMS 0x0000000711100000, 0x0000000711100000| Untracked 
| 196|0x0000000711200000, 0x0000000711200000, 0x0000000711300000|  0%| F|  |TAMS 0x0000000711200000, 0x0000000711200000| Untracked 
| 197|0x0000000711300000, 0x0000000711300000, 0x0000000711400000|  0%| F|  |TAMS 0x0000000711300000, 0x0000000711300000| Untracked 
| 198|0x0000000711400000, 0x0000000711400000, 0x0000000711500000|  0%| F|  |TAMS 0x0000000711400000, 0x0000000711400000| Untracked 
| 199|0x0000000711500000, 0x0000000711500000, 0x0000000711600000|  0%| F|  |TAMS 0x0000000711500000, 0x0000000711500000| Untracked 
| 200|0x0000000711600000, 0x0000000711600000, 0x0000000711700000|  0%| F|  |TAMS 0x0000000711600000, 0x0000000711600000| Untracked 
| 201|0x0000000711700000, 0x0000000711700000, 0x0000000711800000|  0%| F|  |TAMS 0x0000000711700000, 0x0000000711700000| Untracked 
| 202|0x0000000711800000, 0x0000000711800000, 0x0000000711900000|  0%| F|  |TAMS 0x0000000711800000, 0x0000000711800000| Untracked 
| 203|0x0000000711900000, 0x0000000711900000, 0x0000000711a00000|  0%| F|  |TAMS 0x0000000711900000, 0x0000000711900000| Untracked 
| 204|0x0000000711a00000, 0x0000000711a00000, 0x0000000711b00000|  0%| F|  |TAMS 0x0000000711a00000, 0x0000000711a00000| Untracked 
| 205|0x0000000711b00000, 0x0000000711b00000, 0x0000000711c00000|  0%| F|  |TAMS 0x0000000711b00000, 0x0000000711b00000| Untracked 
| 206|0x0000000711c00000, 0x0000000711c00000, 0x0000000711d00000|  0%| F|  |TAMS 0x0000000711c00000, 0x0000000711c00000| Untracked 
| 207|0x0000000711d00000, 0x0000000711d00000, 0x0000000711e00000|  0%| F|  |TAMS 0x0000000711d00000, 0x0000000711d00000| Untracked 
| 208|0x0000000711e00000, 0x0000000711e00000, 0x0000000711f00000|  0%| F|  |TAMS 0x0000000711e00000, 0x0000000711e00000| Untracked 
| 209|0x0000000711f00000, 0x0000000711f00000, 0x0000000712000000|  0%| F|  |TAMS 0x0000000711f00000, 0x0000000711f00000| Untracked 
| 210|0x0000000712000000, 0x0000000712000000, 0x0000000712100000|  0%| F|  |TAMS 0x0000000712000000, 0x0000000712000000| Untracked 
| 211|0x0000000712100000, 0x0000000712100000, 0x0000000712200000|  0%| F|  |TAMS 0x0000000712100000, 0x0000000712100000| Untracked 
| 212|0x0000000712200000, 0x0000000712200000, 0x0000000712300000|  0%| F|  |TAMS 0x0000000712200000, 0x0000000712200000| Untracked 
| 213|0x0000000712300000, 0x0000000712300000, 0x0000000712400000|  0%| F|  |TAMS 0x0000000712300000, 0x0000000712300000| Untracked 
| 214|0x0000000712400000, 0x0000000712400000, 0x0000000712500000|  0%| F|  |TAMS 0x0000000712400000, 0x0000000712400000| Untracked 
| 215|0x0000000712500000, 0x0000000712500000, 0x0000000712600000|  0%| F|  |TAMS 0x0000000712500000, 0x0000000712500000| Untracked 
| 216|0x0000000712600000, 0x0000000712600000, 0x0000000712700000|  0%| F|  |TAMS 0x0000000712600000, 0x0000000712600000| Untracked 
| 217|0x0000000712700000, 0x0000000712700000, 0x0000000712800000|  0%| F|  |TAMS 0x0000000712700000, 0x0000000712700000| Untracked 
| 218|0x0000000712800000, 0x0000000712800000, 0x0000000712900000|  0%| F|  |TAMS 0x0000000712800000, 0x0000000712800000| Untracked 
| 219|0x0000000712900000, 0x0000000712900000, 0x0000000712a00000|  0%| F|  |TAMS 0x0000000712900000, 0x0000000712900000| Untracked 
| 220|0x0000000712a00000, 0x0000000712a00000, 0x0000000712b00000|  0%| F|  |TAMS 0x0000000712a00000, 0x0000000712a00000| Untracked 
| 221|0x0000000712b00000, 0x0000000712b00000, 0x0000000712c00000|  0%| F|  |TAMS 0x0000000712b00000, 0x0000000712b00000| Untracked 
| 222|0x0000000712c00000, 0x0000000712c00000, 0x0000000712d00000|  0%| F|  |TAMS 0x0000000712c00000, 0x0000000712c00000| Untracked 
| 223|0x0000000712d00000, 0x0000000712d00000, 0x0000000712e00000|  0%| F|  |TAMS 0x0000000712d00000, 0x0000000712d00000| Untracked 
| 224|0x0000000712e00000, 0x0000000712e00000, 0x0000000712f00000|  0%| F|  |TAMS 0x0000000712e00000, 0x0000000712e00000| Untracked 
| 225|0x0000000712f00000, 0x0000000713000000, 0x0000000713000000|100%| S|CS|TAMS 0x0000000712f00000, 0x0000000712f00000| Complete 
| 226|0x0000000713000000, 0x0000000713100000, 0x0000000713100000|100%| S|CS|TAMS 0x0000000713000000, 0x0000000713000000| Complete 
| 227|0x0000000713100000, 0x0000000713200000, 0x0000000713200000|100%| S|CS|TAMS 0x0000000713100000, 0x0000000713100000| Complete 
| 228|0x0000000713200000, 0x0000000713300000, 0x0000000713300000|100%| E|  |TAMS 0x0000000713200000, 0x0000000713200000| Complete 
| 229|0x0000000713300000, 0x0000000713400000, 0x0000000713400000|100%| E|CS|TAMS 0x0000000713300000, 0x0000000713300000| Complete 
| 230|0x0000000713400000, 0x0000000713500000, 0x0000000713500000|100%| E|CS|TAMS 0x0000000713400000, 0x0000000713400000| Complete 
| 231|0x0000000713500000, 0x0000000713600000, 0x0000000713600000|100%| E|CS|TAMS 0x0000000713500000, 0x0000000713500000| Complete 
| 232|0x0000000713600000, 0x0000000713700000, 0x0000000713700000|100%| E|CS|TAMS 0x0000000713600000, 0x0000000713600000| Complete 
| 233|0x0000000713700000, 0x0000000713800000, 0x0000000713800000|100%| E|CS|TAMS 0x0000000713700000, 0x0000000713700000| Complete 
| 234|0x0000000713800000, 0x0000000713900000, 0x0000000713900000|100%| E|CS|TAMS 0x0000000713800000, 0x0000000713800000| Complete 
| 235|0x0000000713900000, 0x0000000713a00000, 0x0000000713a00000|100%| E|CS|TAMS 0x0000000713900000, 0x0000000713900000| Complete 
| 236|0x0000000713a00000, 0x0000000713b00000, 0x0000000713b00000|100%| E|CS|TAMS 0x0000000713a00000, 0x0000000713a00000| Complete 
| 237|0x0000000713b00000, 0x0000000713c00000, 0x0000000713c00000|100%| E|CS|TAMS 0x0000000713b00000, 0x0000000713b00000| Complete 
| 238|0x0000000713c00000, 0x0000000713d00000, 0x0000000713d00000|100%| E|CS|TAMS 0x0000000713c00000, 0x0000000713c00000| Complete 
| 239|0x0000000713d00000, 0x0000000713e00000, 0x0000000713e00000|100%| E|CS|TAMS 0x0000000713d00000, 0x0000000713d00000| Complete 
| 240|0x0000000713e00000, 0x0000000713f00000, 0x0000000713f00000|100%| E|CS|TAMS 0x0000000713e00000, 0x0000000713e00000| Complete 
| 241|0x0000000713f00000, 0x0000000714000000, 0x0000000714000000|100%| E|CS|TAMS 0x0000000713f00000, 0x0000000713f00000| Complete 
| 242|0x0000000714000000, 0x0000000714100000, 0x0000000714100000|100%| E|CS|TAMS 0x0000000714000000, 0x0000000714000000| Complete 
| 243|0x0000000714100000, 0x0000000714200000, 0x0000000714200000|100%| E|CS|TAMS 0x0000000714100000, 0x0000000714100000| Complete 
| 244|0x0000000714200000, 0x0000000714300000, 0x0000000714300000|100%| E|CS|TAMS 0x0000000714200000, 0x0000000714200000| Complete 
| 245|0x0000000714300000, 0x0000000714400000, 0x0000000714400000|100%| E|CS|TAMS 0x0000000714300000, 0x0000000714300000| Complete 
| 246|0x0000000714400000, 0x0000000714500000, 0x0000000714500000|100%| E|CS|TAMS 0x0000000714400000, 0x0000000714400000| Complete 
| 247|0x0000000714500000, 0x0000000714600000, 0x0000000714600000|100%| E|CS|TAMS 0x0000000714500000, 0x0000000714500000| Complete 
| 248|0x0000000714600000, 0x0000000714700000, 0x0000000714700000|100%| E|CS|TAMS 0x0000000714600000, 0x0000000714600000| Complete 
| 249|0x0000000714700000, 0x0000000714800000, 0x0000000714800000|100%| E|CS|TAMS 0x0000000714700000, 0x0000000714700000| Complete 
| 250|0x0000000714800000, 0x0000000714900000, 0x0000000714900000|100%| E|CS|TAMS 0x0000000714800000, 0x0000000714800000| Complete 
| 251|0x0000000714900000, 0x0000000714a00000, 0x0000000714a00000|100%| E|CS|TAMS 0x0000000714900000, 0x0000000714900000| Complete 

Card table byte_map: [0x000001b7b05e0000,0x000001b7b0dc0000] _byte_map_base: 0x000001b7acdb9000

Marking Bits (Prev, Next): (CMBitMap*) 0x000001b799258e38, (CMBitMap*) 0x000001b799258e70
 Prev Bits: [0x000001b7b15a0000, 0x000001b7b5468000)
 Next Bits: [0x000001b7b5470000, 0x000001b7b9338000)

Polling page: 0x000001b797160000

Metaspace:

Usage:
  Non-class:     13.31 MB capacity,    13.05 MB ( 98%) used,   216.47 KB (  2%) free+waste,    41.25 KB ( <1%) overhead. 
      Class:      1.64 MB capacity,     1.44 MB ( 88%) used,   184.80 KB ( 11%) free+waste,    20.50 KB (  1%) overhead. 
       Both:     14.95 MB capacity,    14.50 MB ( 97%) used,   401.27 KB (  3%) free+waste,    61.75 KB ( <1%) overhead. 

Virtual space:
  Non-class space:       14.00 MB reserved,      13.50 MB ( 96%) committed 
      Class space:        1.00 GB reserved,       1.75 MB ( <1%) committed 
             Both:        1.01 GB reserved,      15.25 MB (  1%) committed 

Chunk freelists:
   Non-Class:  768 bytes
       Class:  1.50 KB
        Both:  2.25 KB

CodeHeap 'non-profiled nmethods': size=120000Kb used=745Kb max_used=745Kb free=119254Kb
 bounds [0x000001b7a8380000, 0x000001b7a85f0000, 0x000001b7af8b0000]
CodeHeap 'profiled nmethods': size=120000Kb used=3379Kb max_used=3379Kb free=116620Kb
 bounds [0x000001b7a0e50000, 0x000001b7a11a0000, 0x000001b7a8380000]
CodeHeap 'non-nmethods': size=5760Kb used=1185Kb max_used=1248Kb free=4575Kb
 bounds [0x000001b7a08b0000, 0x000001b7a0b20000, 0x000001b7a0e50000]
 total_blobs=1940 nmethods=1531 adapters=329
 compilation: enabled
              stopped_count=0, restarted_count=0
 full_count=0

Compilation events (10 events):
Event: 1288.437 Thread 0x000001b7bc9fe000 1526       3       org.eclipse.jdt.launching.internal.org.objectweb.asm.ClassVisitor::visit (24 bytes)
Event: 1288.437 Thread 0x000001b7bc9fe000 nmethod 1526 0x000001b7a1199d90 code [0x000001b7a1199f40, 0x000001b7a119a188]
Event: 1288.437 Thread 0x000001b7bc9fe000 1528       3       org.eclipse.jdt.launching.internal.org.objectweb.asm.SymbolTable::setMajorVersionAndClassName (19 bytes)
Event: 1288.437 Thread 0x000001b7bc9fe000 nmethod 1528 0x000001b7a119a290 code [0x000001b7a119a440, 0x000001b7a119a668]
Event: 1288.437 Thread 0x000001b7bc9fe000 1529       3       org.eclipse.jdt.launching.internal.weaving.ClassfileTransformer$1::visitSource (125 bytes)
Event: 1288.439 Thread 0x000001b7bc9fe000 nmethod 1529 0x000001b7a119a790 code [0x000001b7a119ab00, 0x000001b7a119bc78]
Event: 1288.439 Thread 0x000001b7bc9fe000 1530       3       org.eclipse.jdt.launching.internal.org.objectweb.asm.ClassVisitor::visitEnd (15 bytes)
Event: 1288.439 Thread 0x000001b7bc9fe000 nmethod 1530 0x000001b7a119c310 code [0x000001b7a119c4c0, 0x000001b7a119c6c8]
Event: 1398.055 Thread 0x000001b7bc9fe000 1531       3       org.eclipse.jdt.launching.internal.org.objectweb.asm.ClassWriter::<init> (68 bytes)
Event: 1398.056 Thread 0x000001b7bc9fe000 nmethod 1531 0x000001b7a119c790 code [0x000001b7a119c960, 0x000001b7a119ce08]

GC Heap History (2 events):
Event: 0.614 GC heap before
{Heap before GC invocations=0 (full 0):
 garbage-first heap   total 258048K, used 23552K [0x0000000704e00000, 0x0000000800000000)
  region size 1024K, 24 young (24576K), 0 survivors (0K)
 Metaspace       used 11385K, capacity 11578K, committed 11904K, reserved 1060864K
  class space    used 1015K, capacity 1066K, committed 1152K, reserved 1048576K
}
Event: 0.642 GC heap after
{Heap after GC invocations=1 (full 0):
 garbage-first heap   total 258048K, used 6035K [0x0000000704e00000, 0x0000000800000000)
  region size 1024K, 3 young (3072K), 3 survivors (3072K)
 Metaspace       used 11385K, capacity 11578K, committed 11904K, reserved 1060864K
  class space    used 1015K, capacity 1066K, committed 1152K, reserved 1048576K
}

Deoptimization events (10 events):
Event: 0.653 Thread 0x000001b7991fa000 Uncommon trap: reason=unstable_fused_if action=reinterpret pc=0x000001b7a83dc8c0 method=org.eclipse.jdt.launching.internal.org.objectweb.asm.ByteVector.putUTF8(Ljava/lang/String;)Lorg/eclipse/jdt/launching/internal/org/objectweb/asm/ByteVector; @ 93 c2
Event: 0.713 Thread 0x000001b7991fa000 Uncommon trap: reason=unstable_if action=reinterpret pc=0x000001b7a83e7b28 method=java.util.HashMap.getNode(ILjava/lang/Object;)Ljava/util/HashMap$Node; @ 62 c2
Event: 0.713 Thread 0x000001b7991fa000 Uncommon trap: reason=unstable_if action=reinterpret pc=0x000001b7a83ae570 method=java.util.HashMap.getNode(ILjava/lang/Object;)Ljava/util/HashMap$Node; @ 62 c2
Event: 0.720 Thread 0x000001b7991fa000 Uncommon trap: reason=class_check action=maybe_recompile pc=0x000001b7a83b0724 method=java.util.HashMap.putVal(ILjava/lang/Object;Ljava/lang/Object;ZZ)Ljava/lang/Object; @ 253 c2
Event: 0.721 Thread 0x000001b7991fa000 Uncommon trap: reason=bimorphic_or_optimized_type_check action=maybe_recompile pc=0x000001b7a83b07a8 method=java.util.HashMap.putVal(ILjava/lang/Object;Ljava/lang/Object;ZZ)Ljava/lang/Object; @ 203 c2
Event: 0.723 Thread 0x000001b7991fa000 Uncommon trap: reason=class_check action=maybe_recompile pc=0x000001b7a83b0724 method=java.util.HashMap.putVal(ILjava/lang/Object;Ljava/lang/Object;ZZ)Ljava/lang/Object; @ 253 c2
Event: 0.725 Thread 0x000001b7991fa000 Uncommon trap: reason=class_check action=maybe_recompile pc=0x000001b7a83b0724 method=java.util.HashMap.putVal(ILjava/lang/Object;Ljava/lang/Object;ZZ)Ljava/lang/Object; @ 253 c2
Event: 0.725 Thread 0x000001b7991fa000 Uncommon trap: reason=class_check action=maybe_recompile pc=0x000001b7a83b0724 method=java.util.HashMap.putVal(ILjava/lang/Object;Ljava/lang/Object;ZZ)Ljava/lang/Object; @ 253 c2
Event: 0.822 Thread 0x000001b7991fa000 Uncommon trap: reason=unstable_if action=reinterpret pc=0x000001b7a83f8844 method=java.util.concurrent.ConcurrentHashMap.get(Ljava/lang/Object;)Ljava/lang/Object; @ 76 c2
Event: 0.884 Thread 0x000001b7991fa000 Uncommon trap: reason=unstable_if action=reinterpret pc=0x000001b7a83f1c68 method=org.eclipse.jdt.launching.internal.org.objectweb.asm.ByteVector.putInt(I)Lorg/eclipse/jdt/launching/internal/org/objectweb/asm/ByteVector; @ 13 c2

Classes redefined (10 events):
Event: 455.698 Thread 0x000001b7bc0f4800 redefined class name=mandatoryHomeWork.DSA.Week8.Mismatch, count=3
Event: 829.683 Thread 0x000001b7bc0f4800 redefined class name=mandatoryHomeWork.DSA.Week8.Mismatch, count=4
Event: 831.767 Thread 0x000001b7bc0f4800 redefined class name=mandatoryHomeWork.DSA.Week8.Mismatch, count=5
Event: 1226.649 Thread 0x000001b7bc0f4800 redefined class name=mandatoryHomeWork.DSA.Week8.Mismatch, count=6
Event: 1231.218 Thread 0x000001b7bc0f4800 redefined class name=mandatoryHomeWork.DSA.Week8.Mismatch, count=7
Event: 1288.434 Thread 0x000001b7bc0f4800 redefined class name=mandatoryHomeWork.DSA.Week8.Mismatch, count=8
Event: 1398.066 Thread 0x000001b7bc0f4800 redefined class name=mandatoryHomeWork.DSA.Week8.Mismatch, count=9
Event: 1406.911 Thread 0x000001b7bc0f4800 redefined class name=mandatoryHomeWork.DSA.Week8.Mismatch, count=10
Event: 1584.096 Thread 0x000001b7bc0f4800 redefined class name=mandatoryHomeWork.DSA.Week8.Mismatch, count=11
Event: 1598.299 Thread 0x000001b7bc0f4800 redefined class name=mandatoryHomeWork.DSA.Week8.Mismatch, count=12

Internal exceptions (10 events):
Event: 0.753 Thread 0x000001b7991fa000 Exception <a 'java/lang/NoSuchMethodError'{0x0000000714013d38}: java.lang.invoke.DirectMethodHandle$Holder.invokeVirtual(Ljava/lang/Object;Ljava/lang/Object;Ljava/lang/Object;)I> (0x0000000714013d38) thrown at [./open/src/hotspot/share/interpreter/linkRes
Event: 0.755 Thread 0x000001b7991fa000 Exception <a 'java/lang/NoSuchMethodError'{0x0000000714034df8}: java.lang.invoke.DirectMethodHandle$Holder.invokeInterface(Ljava/lang/Object;Ljava/lang/Object;)V> (0x0000000714034df8) thrown at [./open/src/hotspot/share/interpreter/linkResolver.cpp, line 
Event: 0.755 Thread 0x000001b7991fa000 Exception <a 'java/lang/IncompatibleClassChangeError'{0x0000000714037a58}: Found class java.lang.Object, but interface was expected> (0x0000000714037a58) thrown at [./open/src/hotspot/share/interpreter/linkResolver.cpp, line 838]
Event: 0.757 Thread 0x000001b7991fa000 Exception <a 'java/lang/NoSuchMethodError'{0x000000071404d0a0}: java.lang.invoke.DirectMethodHandle$Holder.invokeStatic(Ljava/lang/Object;Ljava/lang/Object;Ljava/lang/Object;Ljava/lang/Object;)V> (0x000000071404d0a0) thrown at [./open/src/hotspot/share/in
Event: 0.852 Thread 0x000001b7991fa000 Exception <a 'java/lang/NoSuchMethodError'{0x00000007139cd188}: java.lang.invoke.DirectMethodHandle$Holder.invokeVirtual(Ljava/lang/Object;Ljava/lang/Object;Ljava/lang/Object;)Ljava/lang/Object;> (0x00000007139cd188) thrown at [./open/src/hotspot/share/in
Event: 0.856 Thread 0x000001b7991fa000 Exception <a 'java/lang/NoSuchMethodError'{0x0000000713825588}: java.lang.invoke.DirectMethodHandle$Holder.invokeSpecial(Ljava/lang/Object;Ljava/lang/Object;Ljava/lang/Object;Ljava/lang/Object;Ljava/lang/Object;Ljava/lang/Object;)V> (0x0000000713825588) t
Event: 0.858 Thread 0x000001b7991fa000 Exception <a 'java/lang/NoSuchMethodError'{0x0000000713854bc0}: java.lang.invoke.DirectMethodHandle$Holder.invokeInterface(Ljava/lang/Object;Ljava/lang/Object;Ljava/lang/Object;Ljava/lang/Object;)V> (0x0000000713854bc0) thrown at [./open/src/hotspot/share
Event: 0.858 Thread 0x000001b7991fa000 Exception <a 'java/lang/IncompatibleClassChangeError'{0x0000000713857980}: Found class java.lang.Object, but interface was expected> (0x0000000713857980) thrown at [./open/src/hotspot/share/interpreter/linkResolver.cpp, line 838]
Event: 0.876 Thread 0x000001b7991fa000 Exception <a 'java/lang/NoSuchMethodError'{0x0000000713609b90}: java.lang.invoke.DirectMethodHandle$Holder.invokeSpecial(Ljava/lang/Object;Ljava/lang/Object;)V> (0x0000000713609b90) thrown at [./open/src/hotspot/share/interpreter/linkResolver.cpp, line 77
Event: 0.883 Thread 0x000001b7991fa000 Exception <a 'java/lang/NoSuchMethodError'{0x00000007136dc258}: java.lang.invoke.DirectMethodHandle$Holder.invokeStatic(Ljava/lang/Object;Ljava/lang/Object;Ljava/lang/Object;Ljava/lang/Object;Ljava/lang/Object;)I> (0x00000007136dc258) thrown at [./open/sr

Events (10 events):
Event: 1598.309 Executing VM operation: SetFramePop done
Event: 1598.309 Executing VM operation: GetFrameLocation
Event: 1598.309 Executing VM operation: GetFrameLocation done
Event: 1598.309 Executing VM operation: GetCurrentLocation
Event: 1598.310 Executing VM operation: GetCurrentLocation done
Event: 1598.310 Executing VM operation: ChangeSingleStep
Event: 1598.310 Executing VM operation: ChangeSingleStep done
Event: 1598.311 Executing VM operation: GetFrameLocation
Event: 1598.311 Executing VM operation: GetFrameLocation done
Event: 1598.311 Executing VM operation: GetOrSetLocal


Dynamic libraries:
0x00007ff794510000 - 0x00007ff79451f000 	C:\Program Files\Java\jdk-11.0.17\bin\javaw.exe
0x00007ff935250000 - 0x00007ff935464000 	C:\WINDOWS\SYSTEM32\ntdll.dll
0x00007ff934200000 - 0x00007ff9342c4000 	C:\WINDOWS\System32\KERNEL32.DLL
0x00007ff932860000 - 0x00007ff932c04000 	C:\WINDOWS\System32\KERNELBASE.dll
0x00007ff932d00000 - 0x00007ff932e11000 	C:\WINDOWS\System32\ucrtbase.dll
0x00007ff8d11b0000 - 0x00007ff8d11c5000 	C:\Program Files\Java\jdk-11.0.17\bin\VCRUNTIME140.dll
0x00007ff888dc0000 - 0x00007ff888dd8000 	C:\Program Files\Java\jdk-11.0.17\bin\jli.dll
0x00007ff935160000 - 0x00007ff935210000 	C:\WINDOWS\System32\ADVAPI32.dll
0x00007ff933f50000 - 0x00007ff933ff7000 	C:\WINDOWS\System32\msvcrt.dll
0x00007ff934950000 - 0x00007ff9349f6000 	C:\WINDOWS\System32\sechost.dll
0x00007ff935020000 - 0x00007ff935137000 	C:\WINDOWS\System32\RPCRT4.dll
0x00007ff934ac0000 - 0x00007ff934c6a000 	C:\WINDOWS\System32\USER32.dll
0x00007ff932cd0000 - 0x00007ff932cf6000 	C:\WINDOWS\System32\win32u.dll
0x00007ff933f20000 - 0x00007ff933f49000 	C:\WINDOWS\System32\GDI32.dll
0x00007ff923490000 - 0x00007ff92371f000 	C:\WINDOWS\WinSxS\amd64_microsoft.windows.common-controls_6595b64144ccf1df_6.0.22621.2070_none_2713e6537381f706\COMCTL32.dll
0x00007ff932740000 - 0x00007ff932859000 	C:\WINDOWS\System32\gdi32full.dll
0x00007ff932630000 - 0x00007ff9326ca000 	C:\WINDOWS\System32\msvcp_win.dll
0x00007ff925c20000 - 0x00007ff925c2a000 	C:\WINDOWS\SYSTEM32\VERSION.dll
0x00007ff934000000 - 0x00007ff934031000 	C:\WINDOWS\System32\IMM32.DLL
0x00007ff888bc0000 - 0x00007ff888c5b000 	C:\Program Files\Java\jdk-11.0.17\bin\msvcp140.dll
0x00007ff878af0000 - 0x00007ff87960a000 	C:\Program Files\Java\jdk-11.0.17\bin\server\jvm.dll
0x00007ff934040000 - 0x00007ff934048000 	C:\WINDOWS\System32\PSAPI.DLL
0x00007ff9300c0000 - 0x00007ff9300f4000 	C:\WINDOWS\SYSTEM32\WINMM.dll
0x00007ff8fdef0000 - 0x00007ff8fdef9000 	C:\WINDOWS\SYSTEM32\WSOCK32.dll
0x00007ff934ce0000 - 0x00007ff934d51000 	C:\WINDOWS\System32\WS2_32.dll
0x00007ff931650000 - 0x00007ff931668000 	C:\WINDOWS\SYSTEM32\kernel.appcore.dll
0x00007ff925880000 - 0x00007ff925890000 	C:\Program Files\Java\jdk-11.0.17\bin\verify.dll
0x00007ff92fe50000 - 0x00007ff93007e000 	C:\WINDOWS\SYSTEM32\DBGHELP.DLL
0x00007ff9331b0000 - 0x00007ff93353a000 	C:\WINDOWS\System32\combase.dll
0x00007ff934850000 - 0x00007ff934927000 	C:\WINDOWS\System32\OLEAUT32.dll
0x00007ff92fe10000 - 0x00007ff92fe42000 	C:\WINDOWS\SYSTEM32\dbgcore.DLL
0x00007ff932e20000 - 0x00007ff932e9a000 	C:\WINDOWS\System32\bcryptPrimitives.dll
0x00007ff888cb0000 - 0x00007ff888cd8000 	C:\Program Files\Java\jdk-11.0.17\bin\java.dll
0x00007ff8ebcd0000 - 0x00007ff8ebcda000 	C:\Program Files\Java\jdk-11.0.17\bin\jimage.dll
0x00007ff925920000 - 0x00007ff925958000 	C:\Program Files\Java\jdk-11.0.17\bin\jdwp.dll
0x00007ff92d230000 - 0x00007ff92d23e000 	C:\Program Files\Java\jdk-11.0.17\bin\instrument.dll
0x00007ff888c90000 - 0x00007ff888ca6000 	C:\Program Files\Java\jdk-11.0.17\bin\zip.dll
0x00007ff933700000 - 0x00007ff933f16000 	C:\WINDOWS\System32\SHELL32.dll
0x00007ff9305b0000 - 0x00007ff930e9a000 	C:\WINDOWS\SYSTEM32\windows.storage.dll
0x00007ff930470000 - 0x00007ff9305ae000 	C:\WINDOWS\SYSTEM32\wintypes.dll
0x00007ff9342d0000 - 0x00007ff9343c3000 	C:\WINDOWS\System32\SHCORE.dll
0x00007ff934a10000 - 0x00007ff934a6e000 	C:\WINDOWS\System32\shlwapi.dll
0x00007ff932560000 - 0x00007ff932586000 	C:\WINDOWS\SYSTEM32\profapi.dll
0x00007ff92d220000 - 0x00007ff92d22a000 	C:\Program Files\Java\jdk-11.0.17\bin\dt_socket.dll
0x00007ff931af0000 - 0x00007ff931b59000 	C:\WINDOWS\System32\mswsock.dll
0x00007ff931130000 - 0x00007ff931223000 	C:\WINDOWS\SYSTEM32\DNSAPI.dll
0x00007ff931100000 - 0x00007ff93112d000 	C:\WINDOWS\SYSTEM32\IPHLPAPI.DLL
0x00007ff934a00000 - 0x00007ff934a09000 	C:\WINDOWS\System32\NSI.dll
0x00007ff928fb0000 - 0x00007ff929034000 	C:\WINDOWS\System32\fwpuclnt.dll
0x00007ff928620000 - 0x00007ff92862a000 	C:\Windows\System32\rasadhlp.dll
0x00007ff888ba0000 - 0x00007ff888bb9000 	C:\Program Files\Java\jdk-11.0.17\bin\net.dll
0x00007ff92b9a0000 - 0x00007ff92bad7000 	C:\WINDOWS\SYSTEM32\WINHTTP.dll
0x00007ff888b80000 - 0x00007ff888b92000 	C:\Program Files\Java\jdk-11.0.17\bin\nio.dll

dbghelp: loaded successfully - version: 4.0.5 - missing functions: none
symbol engine: initialized successfully - sym options: 0x614 - pdb path: .;C:\Program Files\Java\jdk-11.0.17\bin;C:\WINDOWS\SYSTEM32;C:\WINDOWS\WinSxS\amd64_microsoft.windows.common-controls_6595b64144ccf1df_6.0.22621.2070_none_2713e6537381f706;C:\Program Files\Java\jdk-11.0.17\bin\server

VM Arguments:
jvm_args: -agentlib:jdwp=transport=dt_socket,suspend=y,address=localhost:57712 -ea -javaagent:D:\eclipse\configuration\org.eclipse.osgi\226\0\.cp\lib\javaagent-shaded.jar -Dfile.encoding=UTF-8 
java_command: org.eclipse.jdt.internal.junit.runner.RemoteTestRunner -version 3 -port 57711 -testLoaderClass org.eclipse.jdt.internal.junit5.runner.JUnit5TestLoader -loaderpluginname org.eclipse.jdt.junit5.runtime -classNames mandatoryHomeWork.DSA.Week8.Mismatch
java_class_path (initial): D:\Selenium code\Programming\target\test-classes;D:\Selenium code\Programming\target\classes;D:\eclipse\plugins\org.junit.jupiter.api_5.4.0.v20190212-2109.jar;D:\eclipse\plugins\org.junit.jupiter.engine_5.4.0.v20190212-2109.jar;D:\eclipse\plugins\org.junit.jupiter.migrationsupport_5.4.0.v20190212-2109.jar;D:\eclipse\plugins\org.junit.jupiter.params_5.4.0.v20190212-2109.jar;D:\eclipse\plugins\org.junit.platform.commons_1.4.0.v20190212-2109.jar;D:\eclipse\plugins\org.junit.platform.engine_1.4.0.v20190212-2109.jar;D:\eclipse\plugins\org.junit.platform.launcher_1.4.0.v20190212-2109.jar;D:\eclipse\plugins\org.junit.platform.runner_1.4.0.v20190212-2109.jar;D:\eclipse\plugins\org.junit.platform.suite.api_1.4.0.v20190212-2109.jar;D:\eclipse\plugins\org.junit.vintage.engine_5.4.0.v20190212-2109.jar;D:\eclipse\plugins\org.opentest4j_1.1.1.v20190212-2109.jar;D:\eclipse\plugins\org.apiguardian_1.0.0.v20190212-2109.jar;D:\eclipse\plugins\org.junit_4.12.0.v201504281640\junit.jar;D:\eclipse\plugins\org.hamcrest.core_1.3.0.v20180420-1519.jar;C:\Users\SURESH NATESAN\.m2\repository\junit\junit\4.13.1\junit-4.13.1.jar;C:\Users\SURESH NATESAN\.m2\repository\org\hamcrest\hamcrest-core\1.3\hamcrest-core-1.3.jar;C:\Users\SURESH NATESAN\.m2\repository\org\seleniumhq\selenium\selenium-java\4.2.2\selenium-java-4.2.2.jar;C:\Users\SURESH NATESAN\.m2\repository\org\seleniumhq\selenium\selenium-api\4.2.2\selenium-api-4.2.2.jar;C:\Users\SURESH NATESAN\.m2\repository\org\seleniumhq\selenium\selenium-chrome-driver\4.2.2\selenium-chrome-driver-4.2.2.jar;C:\Users\SURESH NATESAN\.m2\repository\com\google\auto\service\auto-service-annotations\1.0.1\auto-service-annotations-1.0.1.jar;C:\Users\SURESH NATESAN\.m2\repository\com\google\auto\service\auto-service\1.0.1\auto-service-1.0.1.jar;C:\Users\SURESH NATESAN\.m2\repository\com\google\auto\auto-common\1.2\auto-common-1.2.jar;C:\Users\SURESH NATESAN\.m2\repository\com\google\guava\guava\31.1-jre\guava-31.1-jre.jar;C:\Users\S
Launcher Type: SUN_STANDARD

[Global flags]
     intx CICompilerCount                          = 4                                         {product} {ergonomic}
     uint ConcGCThreads                            = 3                                         {product} {ergonomic}
     uint G1ConcRefinementThreads                  = 10                                        {product} {ergonomic}
   size_t G1HeapRegionSize                         = 1048576                                   {product} {ergonomic}
    uintx GCDrainStackTargetSize                   = 64                                        {product} {ergonomic}
   size_t InitialHeapSize                          = 264241152                                 {product} {ergonomic}
   size_t MarkStackSize                            = 4194304                                   {product} {ergonomic}
   size_t MaxHeapSize                              = 4213178368                                {product} {ergonomic}
   size_t MaxNewSize                               = 2527068160                                {product} {ergonomic}
   size_t MinHeapDeltaBytes                        = 1048576                                   {product} {ergonomic}
    uintx NonNMethodCodeHeapSize                   = 5836300                                {pd product} {ergonomic}
    uintx NonProfiledCodeHeapSize                  = 122910970                              {pd product} {ergonomic}
    uintx ProfiledCodeHeapSize                     = 122910970                              {pd product} {ergonomic}
    uintx ReservedCodeCacheSize                    = 251658240                              {pd product} {ergonomic}
     bool SegmentedCodeCache                       = true                                      {product} {ergonomic}
     bool UseCompressedClassPointers               = true                                 {lp64_product} {ergonomic}
     bool UseCompressedOops                        = true                                 {lp64_product} {ergonomic}
     bool UseG1GC                                  = true                                      {product} {ergonomic}
     bool UseLargePagesIndividualAllocation        = false                                  {pd product} {ergonomic}

Logging:
Log output configuration:
 #0: stdout all=warning uptime,level,tags
 #1: stderr all=off uptime,level,tags

Environment Variables:
JAVA_HOME=C:\Program Files\Java\jdk1.8.0_171
PATH=C:\Program Files\Common Files\Oracle\Java\javapath;C:\WINDOWS\system32;C:\WINDOWS;C:\WINDOWS\System32\Wbem;C:\WINDOWS\System32\WindowsPowerShell\v1.0\;C:\WINDOWS\System32\OpenSSH\;C:\Program Files\dotnet\;C:\Program Files\Java\jdk1.8.0_171\bin;D:\Node\;D:\VS Code\Microsoft VS Code\bin;C:\Program Files\Git\cmd;C:\Users\SURESH NATESAN\AppData\Local\Microsoft\WindowsApps;C:\Users\SURESH NATESAN\AppData\Roaming\npm;
USERNAME=SURESH NATESAN
OS=Windows_NT
PROCESSOR_IDENTIFIER=Intel64 Family 6 Model 154 Stepping 4, GenuineIntel



---------------  S Y S T E M  ---------------

OS: Windows 11 , 64 bit Build 22621 (10.0.22621.2070)
Hyper-V role detected

CPU:total 12 (initial active 12) (6 cores per cpu, 2 threads per core) family 6 model 154 stepping 4 microcode 0x42a, cmov, cx8, fxsr, mmx, sse, sse2, sse3, ssse3, sse4.1, sse4.2, popcnt, avx, avx2, aes, clmul, erms, 3dnowpref, lzcnt, ht, tsc, tscinvbit, bmi1, bmi2, adx, sha, fma

Memory: 4k page, system-wide physical 16068M (7105M free)
TotalPageFile size 18500M (AvailPageFile size 6249M)
current process WorkingSet (physical memory assigned to process): 80M, peak: 133M
current process commit charge ("private bytes"): 359M, peak: 403M

vm_info: Java HotSpot(TM) 64-Bit Server VM (11.0.17+10-LTS-269) for windows-amd64 JRE (11.0.17+10-LTS-269), built on Sep 13 2022 19:26:37 by "mach5one" with MS VC++ 15.9 (VS2017)

END.
